<?xml version="1.0" encoding="UTF-8"?>
<!-- Generated by org.testng.reporters.JUnitXMLReporter -->
<testsuite hostname="lgvn14736" ignored="0" name="All tests" tests="8" failures="3" timestamp="01 Aug 2018 04:20:42 GMT" time="59.52" errors="0">
  <testcase name="precondition" time="24.354" classname="com.logigear.selenium.test.railway.TC01_TestFunctionLogin"/>
  <testcase name="TC01_TC02_TC03_TC04_TC06" time="5.146" classname="com.logigear.selenium.test.railway.TC01_TestFunctionLogin">
    <failure type="java.lang.AssertionError" message="TC04 - Error message is not displayed as expected expected [You have used 4 out of 5 login attempts. After all 5 have been used, you will be unable to login for 15 minutes.] but found [Invalid username or password. Please try again.]">
      <![CDATA[java.lang.AssertionError: TC04 - Error message is not displayed as expected expected [You have used 4 out of 5 login attempts. After all 5 have been used, you will be unable to login for 15 minutes.] but found [Invalid username or password. Please try again.]
at com.logigear.selenium.test.railway.TC01_TestFunctionLogin.TC01_TC02_TC03_TC04_TC06(TC01_TestFunctionLogin.java:98)
... Removed 30 stack frames]]>
    </failure>
  </testcase> <!-- TC01_TC02_TC03_TC04_TC06 -->
  <testcase name="TC09" time="2.058" classname="com.logigear.selenium.test.railway.TC02_TestFunctionCreateAccount"/>
  <testcase name="precondition" time="1.721" classname="com.logigear.selenium.test.railway.TC03_TestFunctionChangePassword_DataProvider">
    <failure type="java.lang.AssertionError" message="Error message is displayed as expected expected [Thank you for registering your account] but found [Create account]">
      <![CDATA[java.lang.AssertionError: Error message is displayed as expected expected [Thank you for registering your account] but found [Create account]
at com.logigear.selenium.test.railway.Precondition.preconditionCreateAndActiveAccount(Precondition.java:100)
at com.logigear.selenium.test.railway.TC03_TestFunctionChangePassword_DataProvider.precondition(TC03_TestFunctionChangePassword_DataProvider.java:31)
... Removed 30 stack frames]]>
    </failure>
  </testcase> <!-- precondition -->
  <testcase name="TC07_TC08" time="0.0" classname="com.logigear.selenium.test.railway.TC03_TestFunctionChangePassword_DataProvider">
    <skipped/>
  </testcase> <!-- TC07_TC08 -->
  <testcase name="precondition" time="1.894" classname="com.logigear.selenium.test.railway.TC03_TestFunctionChangePassword">
    <failure type="java.lang.AssertionError" message="Error message is displayed as expected expected [Thank you for registering your account] but found [Create account]">
      <![CDATA[java.lang.AssertionError: Error message is displayed as expected expected [Thank you for registering your account] but found [Create account]
at com.logigear.selenium.test.railway.Precondition.preconditionCreateAndActiveAccount(Precondition.java:100)
at com.logigear.selenium.test.railway.TC03_TestFunctionChangePassword.precondition(TC03_TestFunctionChangePassword.java:30)
... Removed 30 stack frames]]>
    </failure>
  </testcase> <!-- precondition -->
  <testcase name="TC08" time="0.0" classname="com.logigear.selenium.test.railway.TC03_TestFunctionChangePassword">
    <skipped/>
  </testcase> <!-- TC08 -->
  <testcase name="TC07_TC08" time="0.0" classname="com.logigear.selenium.test.railway.TC03_TestFunctionChangePassword">
    <skipped/>
  </testcase> <!-- TC07_TC08 -->
</testsuite> <!-- All tests -->
