<!DOCTYPE html PUBLIC "-//W3C//DTD XHTML 1.1//EN" "http://www.w3.org/TR/xhtml11/DTD/xhtml11.dtd">
<html xmlns="http://www.w3.org/1999/xhtml">
<head>
<meta http-equiv="content-type" content="text/html; charset=UTF-8"/>
<title>TestNG Report</title>
<style type="text/css">table {margin-bottom:10px;border-collapse:collapse;empty-cells:show}th,td {border:1px solid #009;padding:.25em .5em}th {vertical-align:bottom}td {vertical-align:top}table a {font-weight:bold}.stripe td {background-color: #E6EBF9}.num {text-align:right}.passedodd td {background-color: #3F3}.passedeven td {background-color: #0A0}.skippedodd td {background-color: #DDD}.skippedeven td {background-color: #CCC}.failedodd td,.attn {background-color: #F33}.failedeven td,.stripe .attn {background-color: #D00}.stacktrace {white-space:pre;font-family:monospace}.totop {font-size:85%;text-align:center;border-bottom:2px solid #000}.invisible {display:none}</style>
</head>
<body>
<table>
<tr><th>Test</th><th># Passed</th><th># Skipped</th><th># Failed</th><th>Time (ms)</th><th>Included Groups</th><th>Excluded Groups</th></tr>
<tr><th colspan="7">Test Suite</th></tr>
<tr><td><a href="#t0">1st Test</a></td><td class="num">5</td><td class="num attn">3</td><td class="num attn">5</td><td class="num">56,105</td><td></td><td></td></tr>
</table>
<table id='summary'><thead><tr><th>Class</th><th>Method</th><th>Start</th><th>Time (ms)</th></tr></thead><tbody><tr><th colspan="4">Test Suite</th></tr></tbody><tbody id="t0"><tr><th colspan="4">1st Test &#8212; failed</th></tr><tr class="failedeven"><td rowspan="1">com.logigear.selenium.test.railway.TC01_TestFunctionLogin</td><td><a href="#m0">TC01_TC02_TC03_TC04_TC06</a></td><td rowspan="1">1533525237311</td><td rowspan="1">11240</td></tr><tr class="failedodd"><td rowspan="1">com.logigear.selenium.test.railway.TC03_TestFunctionChangePassword</td><td><a href="#m1">precondition</a></td><td rowspan="1">1533525206611</td><td rowspan="1">8931</td></tr><tr class="failedeven"><td rowspan="1">com.logigear.selenium.test.railway.TC03_TestFunctionChangePassword_DataProvider</td><td><a href="#m2">precondition</a></td><td rowspan="1">1533525206535</td><td rowspan="1">9081</td></tr><tr class="failedodd"><td rowspan="2">com.logigear.selenium.test.railway.TC04_TestNavigationsToBookTicketPage</td><td><a href="#m3">TC12</a></td><td rowspan="1">1533525240105</td><td rowspan="1">6339</td></tr><tr class="failedodd"><td><a href="#m4">TC13</a></td><td rowspan="1">1533525240108</td><td rowspan="1">6905</td></tr><tr><th colspan="4">1st Test &#8212; skipped</th></tr><tr class="skippedeven"><td rowspan="2">com.logigear.selenium.test.railway.TC03_TestFunctionChangePassword</td><td><a href="#m5">TC07_TC08</a></td><td rowspan="1">1533525249160</td><td rowspan="1">0</td></tr><tr class="skippedeven"><td><a href="#m6">TC08</a></td><td rowspan="1">1533525249158</td><td rowspan="1">0</td></tr><tr class="skippedodd"><td rowspan="1">com.logigear.selenium.test.railway.TC03_TestFunctionChangePassword_DataProvider</td><td><a href="#m7">TC07_TC08</a></td><td rowspan="1">1533525216258</td><td rowspan="1">0</td></tr><tr><th colspan="4">1st Test &#8212; passed</th></tr><tr class="passedeven"><td rowspan="2">com.logigear.selenium.test.railway.Sample_LoginTest</td><td><a href="#m8">TC01</a></td><td rowspan="1">1533525193096</td><td rowspan="1">12707</td></tr><tr class="passedeven"><td><a href="#m9">TC02</a></td><td rowspan="1">1533525193096</td><td rowspan="1">11992</td></tr><tr class="passedodd"><td rowspan="1">com.logigear.selenium.test.railway.TC01_TestFunctionLogin</td><td><a href="#m10">precondition</a></td><td rowspan="1">1533525193096</td><td rowspan="1">43579</td></tr><tr class="passedeven"><td rowspan="1">com.logigear.selenium.test.railway.TC02_TestFunctionCreateAccount</td><td><a href="#m11">TC09</a></td><td rowspan="1">1533525193096</td><td rowspan="1">12918</td></tr><tr class="passedodd"><td rowspan="1">com.logigear.selenium.test.railway.TC04_TestNavigationsToBookTicketPage</td><td><a href="#m12">precondition</a></td><td rowspan="1">1533525206632</td><td rowspan="1">32779</td></tr></tbody>
</table>
<h2>1st Test</h2><h3 id="m0">com.logigear.selenium.test.railway.TC01_TestFunctionLogin#TC01_TC02_TC03_TC04_TC06</h3><table class="result"><tr><th>Exception</th></tr><tr><td><div class="stacktrace">java.lang.AssertionError: TC04 - Error message is not displayed as expected expected [You have used 4 out of 5 login attempts. After all 5 have been used, you will be unable to login for 15 minutes.] but found [Invalid username or password. Please try again.]
	at com.logigear.selenium.test.railway.TC01_TestFunctionLogin.TC01_TC02_TC03_TC04_TC06(TC01_TestFunctionLogin.java:99)
	at java.util.concurrent.ThreadPoolExecutor.runWorker(ThreadPoolExecutor.java:1149)
	at java.util.concurrent.ThreadPoolExecutor$Worker.run(ThreadPoolExecutor.java:624)
	at java.lang.Thread.run(Thread.java:748)
... Removed 15 stack frames</div></td></tr></table><p class="totop"><a href="#summary">back to summary</a></p>
<h3 id="m1">com.logigear.selenium.test.railway.TC03_TestFunctionChangePassword#precondition</h3><table class="result"><tr><th>Exception</th></tr><tr><td><div class="stacktrace">java.lang.AssertionError: Message is not displayed as expected expected [Thank you for registering your account] but found [Create account]
	at com.logigear.selenium.test.railway.Precondition_Invoked.preconditionCreateAndActiveAccount(Precondition_Invoked.java:102)
	at com.logigear.selenium.test.railway.TC03_TestFunctionChangePassword.precondition(TC03_TestFunctionChangePassword.java:28)
	at java.util.concurrent.ThreadPoolExecutor.runWorker(ThreadPoolExecutor.java:1149)
	at java.util.concurrent.ThreadPoolExecutor$Worker.run(ThreadPoolExecutor.java:624)
	at java.lang.Thread.run(Thread.java:748)
... Removed 15 stack frames</div></td></tr></table><p class="totop"><a href="#summary">back to summary</a></p>
<h3 id="m2">com.logigear.selenium.test.railway.TC03_TestFunctionChangePassword_DataProvider#precondition</h3><table class="result"><tr><th>Exception</th></tr><tr><td><div class="stacktrace">java.lang.AssertionError: Message is not displayed as expected expected [Thank you for registering your account] but found [Create account]
	at com.logigear.selenium.test.railway.Precondition_Invoked.preconditionCreateAndActiveAccount(Precondition_Invoked.java:102)
	at com.logigear.selenium.test.railway.TC03_TestFunctionChangePassword_DataProvider.precondition(TC03_TestFunctionChangePassword_DataProvider.java:31)
	at java.util.concurrent.ThreadPoolExecutor.runWorker(ThreadPoolExecutor.java:1149)
	at java.util.concurrent.ThreadPoolExecutor$Worker.run(ThreadPoolExecutor.java:624)
	at java.lang.Thread.run(Thread.java:748)
... Removed 15 stack frames</div></td></tr></table><p class="totop"><a href="#summary">back to summary</a></p>
<h3 id="m3">com.logigear.selenium.test.railway.TC04_TestNavigationsToBookTicketPage#TC12</h3><table class="result"><tr><th>Exception</th></tr><tr><td><div class="stacktrace">org.openqa.selenium.NoSuchElementException: no such element: Unable to locate element: {&quot;method&quot;:&quot;xpath&quot;,&quot;selector&quot;:&quot;//div[@id=&apos;menu&apos;]//a[@href=&apos;TrainTimeListPage.cshtml&apos;]&quot;}
  (Session info: chrome=67.0.3396.99)
  (Driver info: chromedriver=2.40.565498 (ea082db3280dd6843ebfb08a625e3eb905c4f5ab),platform=Windows NT 10.0.16299 x86_64) (WARNING: The server did not provide any stacktrace information)
Command duration or timeout: 0 milliseconds
For documentation on this error, please visit: http://seleniumhq.org/exceptions/no_such_element.html
Build info: version: &apos;3.12.0&apos;, revision: &apos;7c6e0b3&apos;, time: &apos;2018-05-08T14:04:26.12Z&apos;
System info: host: &apos;LGVN14736&apos;, ip: &apos;192.168.170.207&apos;, os.name: &apos;Windows 10&apos;, os.arch: &apos;amd64&apos;, os.version: &apos;10.0&apos;, java.version: &apos;1.8.0_161&apos;
Driver info: org.openqa.selenium.chrome.ChromeDriver
Capabilities {acceptInsecureCerts: false, acceptSslCerts: false, applicationCacheEnabled: false, browserConnectionEnabled: false, browserName: chrome, chrome: {chromedriverVersion: 2.40.565498 (ea082db3280dd6..., userDataDir: C:\Users\THAOTH~1.NGU\AppDa...}, cssSelectorsEnabled: true, databaseEnabled: false, handlesAlerts: true, hasTouchScreen: false, javascriptEnabled: true, locationContextEnabled: true, mobileEmulationEnabled: false, nativeEvents: true, networkConnectionEnabled: false, pageLoadStrategy: normal, platform: XP, platformName: XP, rotatable: false, setWindowRect: true, takesHeapSnapshot: true, takesScreenshot: true, unexpectedAlertBehaviour: , unhandledPromptBehavior: , version: 67.0.3396.99, webStorageEnabled: true}
Session ID: 131ea63fd65159f2401aa3a8e75da993
*** Element info: {Using=xpath, value=//div[@id=&apos;menu&apos;]//a[@href=&apos;TrainTimeListPage.cshtml&apos;]}
	at org.openqa.selenium.remote.ErrorHandler.createThrowable(ErrorHandler.java:214)
	at org.openqa.selenium.remote.ErrorHandler.throwIfResponseFailed(ErrorHandler.java:166)
	at org.openqa.selenium.remote.http.JsonHttpResponseCodec.reconstructValue(JsonHttpResponseCodec.java:40)
	at org.openqa.selenium.remote.http.AbstractHttpResponseCodec.decode(AbstractHttpResponseCodec.java:80)
	at org.openqa.selenium.remote.http.AbstractHttpResponseCodec.decode(AbstractHttpResponseCodec.java:44)
	at org.openqa.selenium.remote.HttpCommandExecutor.execute(HttpCommandExecutor.java:158)
	at org.openqa.selenium.remote.service.DriverCommandExecutor.execute(DriverCommandExecutor.java:83)
	at org.openqa.selenium.remote.RemoteWebDriver.execute(RemoteWebDriver.java:543)
	at org.openqa.selenium.remote.RemoteWebDriver.findElement(RemoteWebDriver.java:317)
	at org.openqa.selenium.remote.RemoteWebDriver.findElementByXPath(RemoteWebDriver.java:419)
	at org.openqa.selenium.By$ByXPath.findElement(By.java:353)
	at org.openqa.selenium.remote.RemoteWebDriver.findElement(RemoteWebDriver.java:309)
	at com.logigear.selenium.pageobjects.railway.GeneralPage.getTabTimetable(GeneralPage.java:57)
	at com.logigear.selenium.pageobjects.railway.GeneralPage.gotoTimetablePage(GeneralPage.java:99)
	at com.logigear.selenium.test.railway.TC04_TestNavigationsToBookTicketPage.TC12(TC04_TestNavigationsToBookTicketPage.java:52)
	at java.util.concurrent.ThreadPoolExecutor.runWorker(ThreadPoolExecutor.java:1149)
	at java.util.concurrent.ThreadPoolExecutor$Worker.run(ThreadPoolExecutor.java:624)
	at java.lang.Thread.run(Thread.java:748)
... Removed 14 stack frames</div></td></tr></table><p class="totop"><a href="#summary">back to summary</a></p>
<h3 id="m4">com.logigear.selenium.test.railway.TC04_TestNavigationsToBookTicketPage#TC13</h3><table class="result"><tr><th>Exception</th></tr><tr><td><div class="stacktrace">java.lang.NullPointerException
	at com.logigear.selenium.test.railway.TC04_TestNavigationsToBookTicketPage.TC13(TC04_TestNavigationsToBookTicketPage.java:90)
	at java.util.concurrent.ThreadPoolExecutor.runWorker(ThreadPoolExecutor.java:1149)
	at java.util.concurrent.ThreadPoolExecutor$Worker.run(ThreadPoolExecutor.java:624)
	at java.lang.Thread.run(Thread.java:748)
... Removed 10 stack frames</div></td></tr></table><p class="totop"><a href="#summary">back to summary</a></p>
<h3 id="m5">com.logigear.selenium.test.railway.TC03_TestFunctionChangePassword#TC07_TC08</h3><table class="result"><tr><th>Exception</th></tr><tr><td><div class="stacktrace">java.lang.Throwable: Method TC03_TestFunctionChangePassword.TC07_TC08()[pri:2, instance:com.logigear.selenium.test.railway.TC03_TestFunctionChangePassword@e45f292] depends on not successfully finished methods
	at java.util.concurrent.ThreadPoolExecutor.runWorker(ThreadPoolExecutor.java:1149)
	at java.util.concurrent.ThreadPoolExecutor$Worker.run(ThreadPoolExecutor.java:624)
	at java.lang.Thread.run(Thread.java:748)
... Removed 3 stack frames</div></td></tr></table><p class="totop"><a href="#summary">back to summary</a></p>
<h3 id="m6">com.logigear.selenium.test.railway.TC03_TestFunctionChangePassword#TC08</h3><table class="result"><tr><th>Exception</th></tr><tr><td><div class="stacktrace">java.lang.Throwable: Method TC03_TestFunctionChangePassword.TC08()[pri:1, instance:com.logigear.selenium.test.railway.TC03_TestFunctionChangePassword@e45f292] depends on not successfully finished methods
	at java.util.concurrent.ThreadPoolExecutor.runWorker(ThreadPoolExecutor.java:1149)
	at java.util.concurrent.ThreadPoolExecutor$Worker.run(ThreadPoolExecutor.java:624)
	at java.lang.Thread.run(Thread.java:748)
... Removed 3 stack frames</div></td></tr></table><p class="totop"><a href="#summary">back to summary</a></p>
<h3 id="m7">com.logigear.selenium.test.railway.TC03_TestFunctionChangePassword_DataProvider#TC07_TC08</h3><table class="result"><tr><th>Exception</th></tr><tr><td><div class="stacktrace">java.lang.Throwable: Method TC03_TestFunctionChangePassword_DataProvider.TC07_TC08(java.lang.String, java.lang.String, java.lang.String, java.lang.String, java.lang.String, java.lang.String)[pri:0, instance:com.logigear.selenium.test.railway.TC03_TestFunctionChangePassword_DataProvider@6fd02e5] depends on not successfully finished methods
	at java.util.concurrent.ThreadPoolExecutor.runWorker(ThreadPoolExecutor.java:1149)
	at java.util.concurrent.ThreadPoolExecutor$Worker.run(ThreadPoolExecutor.java:624)
	at java.lang.Thread.run(Thread.java:748)
... Removed 3 stack frames</div></td></tr></table><p class="totop"><a href="#summary">back to summary</a></p>
<h3 id="m8">com.logigear.selenium.test.railway.Sample_LoginTest#TC01</h3><table class="result"><tr><th class="invisible"/></tr></table><p class="totop"><a href="#summary">back to summary</a></p>
<h3 id="m9">com.logigear.selenium.test.railway.Sample_LoginTest#TC02</h3><table class="result"><tr><th class="invisible"/></tr></table><p class="totop"><a href="#summary">back to summary</a></p>
<h3 id="m10">com.logigear.selenium.test.railway.TC01_TestFunctionLogin#precondition</h3><table class="result"><tr><th class="invisible"/></tr></table><p class="totop"><a href="#summary">back to summary</a></p>
<h3 id="m11">com.logigear.selenium.test.railway.TC02_TestFunctionCreateAccount#TC09</h3><table class="result"><tr><th class="invisible"/></tr></table><p class="totop"><a href="#summary">back to summary</a></p>
<h3 id="m12">com.logigear.selenium.test.railway.TC04_TestNavigationsToBookTicketPage#precondition</h3><table class="result"><tr><th class="invisible"/></tr></table><p class="totop"><a href="#summary">back to summary</a></p>
</body>
</html>
