<?xml version="1.0" encoding="UTF-8"?>
<!-- Generated by org.testng.reporters.JUnitReportReporter -->
<testsuite skipped="2" hostname="lgvn14736" name="com.logigear.selenium.test.railway.TC03_TestFunctionChangePassword" tests="3" failures="1" timestamp="06 Aug 2018 03:14:09 GMT" time="8.933" errors="0">
  <testcase name="precondition" time="8.933" classname="com.logigear.selenium.test.railway.TC03_TestFunctionChangePassword">
    <failure type="java.lang.AssertionError" message="Message is not displayed as expected expected [Thank you for registering your account] but found [Create account]">
      <![CDATA[java.lang.AssertionError: Message is not displayed as expected expected [Thank you for registering your account] but found [Create account]
at org.testng.Assert.fail(Assert.java:96)
at org.testng.Assert.failNotEquals(Assert.java:776)
at org.testng.Assert.assertEqualsImpl(Assert.java:137)
at org.testng.Assert.assertEquals(Assert.java:118)
at org.testng.Assert.assertEquals(Assert.java:453)
at com.logigear.selenium.test.railway.Precondition_Invoked.preconditionCreateAndActiveAccount(Precondition_Invoked.java:102)
at com.logigear.selenium.test.railway.TC03_TestFunctionChangePassword.precondition(TC03_TestFunctionChangePassword.java:28)
at sun.reflect.NativeMethodAccessorImpl.invoke0(Native Method)
at sun.reflect.NativeMethodAccessorImpl.invoke(NativeMethodAccessorImpl.java:62)
at sun.reflect.DelegatingMethodAccessorImpl.invoke(DelegatingMethodAccessorImpl.java:43)
at java.lang.reflect.Method.invoke(Method.java:498)
at org.testng.internal.MethodInvocationHelper.invokeMethod(MethodInvocationHelper.java:124)
at org.testng.internal.Invoker.invokeMethod(Invoker.java:580)
at org.testng.internal.Invoker.invokeTestMethod(Invoker.java:716)
at org.testng.internal.Invoker.invokeTestMethods(Invoker.java:988)
at org.testng.internal.TestMethodWorker.invokeTestMethods(TestMethodWorker.java:125)
at org.testng.internal.TestMethodWorker.run(TestMethodWorker.java:109)
at java.util.concurrent.ThreadPoolExecutor.runWorker(ThreadPoolExecutor.java:1149)
at java.util.concurrent.ThreadPoolExecutor$Worker.run(ThreadPoolExecutor.java:624)
at java.lang.Thread.run(Thread.java:748)
]]>
    </failure>
  </testcase> <!-- precondition -->
  <testcase name="TC08" time="0.000" classname="com.logigear.selenium.test.railway.TC03_TestFunctionChangePassword">
    <skipped/>
  </testcase> <!-- TC08 -->
  <testcase name="TC07_TC08" time="0.000" classname="com.logigear.selenium.test.railway.TC03_TestFunctionChangePassword">
    <skipped/>
  </testcase> <!-- TC07_TC08 -->
</testsuite> <!-- com.logigear.selenium.test.railway.TC03_TestFunctionChangePassword -->
